[debug] [2023-07-11T21:23:01.255Z] ----------------------------------------------------------------------
[debug] [2023-07-11T21:23:01.257Z] Command:       C:\Program Files\nodejs\node.exe C:\Users\vulev\AppData\Roaming\npm\node_modules\firebase-tools\lib\bin\firebase.js init
[debug] [2023-07-11T21:23:01.257Z] CLI Version:   12.4.3
[debug] [2023-07-11T21:23:01.258Z] Platform:      win32
[debug] [2023-07-11T21:23:01.258Z] Node Version:  v18.14.0
[debug] [2023-07-11T21:23:01.259Z] Time:          Wed Jul 12 2023 04:23:01 GMT+0700 (Indochina Time)
[debug] [2023-07-11T21:23:01.259Z] ----------------------------------------------------------------------
[debug] 
[debug] [2023-07-11T21:23:01.265Z] > command requires scopes: ["email","openid","https://www.googleapis.com/auth/cloudplatformprojects.readonly","https://www.googleapis.com/auth/firebase","https://www.googleapis.com/auth/cloud-platform"]
[debug] [2023-07-11T21:23:01.266Z] > authorizing via signed-in user (vu.levan.ptit@gmail.com)
[info] 
     ######## #### ########  ######## ########     ###     ######  ########
     ##        ##  ##     ## ##       ##     ##  ##   ##  ##       ##
     ######    ##  ########  ######   ########  #########  ######  ######
     ##        ##  ##    ##  ##       ##     ## ##     ##       ## ##
     ##       #### ##     ## ######## ########  ##     ##  ######  ########

You're about to initialize a Firebase project in this directory:

  C:\Users\vulev\OneDrive\Desktop\Vu_Dev_2023\olechat

[info] 
=== Project Setup
[info] 
[info] First, let's associate this project directory with a Firebase project.
[info] You can create multiple project aliases by running firebase use --add, 
[info] but for now we'll just set up a default project.
[info] 
[debug] [2023-07-11T21:24:06.163Z] > refreshing access token with scopes: []
[debug] [2023-07-11T21:24:06.165Z] >>> [apiv2][query] POST https://www.googleapis.com/oauth2/v3/token [none]
[debug] [2023-07-11T21:24:06.165Z] >>> [apiv2][body] POST https://www.googleapis.com/oauth2/v3/token [omitted]
[debug] [2023-07-11T21:24:06.387Z] <<< [apiv2][status] POST https://www.googleapis.com/oauth2/v3/token 200
[debug] [2023-07-11T21:24:06.387Z] <<< [apiv2][body] POST https://www.googleapis.com/oauth2/v3/token [omitted]
[debug] [2023-07-11T21:24:06.394Z] >>> [apiv2][query] GET https://firebase.googleapis.com/v1beta1/projects pageSize=100
[debug] [2023-07-11T21:24:07.033Z] <<< [apiv2][status] GET https://firebase.googleapis.com/v1beta1/projects 200
[debug] [2023-07-11T21:24:07.033Z] <<< [apiv2][body] GET https://firebase.googleapis.com/v1beta1/projects [omitted]
[info] i  Using project olechat-f8ab7 (olechat) 
[info] 
=== Hosting Setup
[info] 
[info] Your public directory is the folder (relative to your project directory) that
[info] will contain Hosting assets to be uploaded with firebase deploy. If you
[info] have a build process for your assets, use your build's output directory.
[info] 
[debug] [2023-07-11T21:25:40.856Z] >>> [apiv2][query] GET https://www.gstatic.com/firebasejs/releases.json [none]
[debug] [2023-07-11T21:25:40.998Z] <<< [apiv2][status] GET https://www.gstatic.com/firebasejs/releases.json 200
[debug] [2023-07-11T21:25:40.998Z] <<< [apiv2][body] GET https://www.gstatic.com/firebasejs/releases.json {"current":{"version":"10.0.0","browserURL":"https://www.gstatic.com/firebasejs/10.0.0/firebase.js","packageURL":"https://www.gstatic.com/firebasejs/10.0.0/firebase.tgz"},"live":{"version":"10.0","browserURL":"https://www.gstatic.com/firebasejs/live/10.0/firebase.js","packageURL":"https://www.gstatic.com/firebasejs/live/10.0/firebase.tgz"},"components":{"analytics":"https://www.gstatic.com/firebasejs/10.0.0/firebase-analytics.js","app":"https://www.gstatic.com/firebasejs/10.0.0/firebase-app.js","app-check":"https://www.gstatic.com/firebasejs/10.0.0/firebase-app-check.js","auth":"https://www.gstatic.com/firebasejs/10.0.0/firebase-auth.js","auth/cordova":"https://www.gstatic.com/firebasejs/10.0.0/firebase-auth/cordova.js","functions":"https://www.gstatic.com/firebasejs/10.0.0/firebase-functions.js","firestore":"https://www.gstatic.com/firebasejs/10.0.0/firebase-firestore.js","firestore/lite":"https://www.gstatic.com/firebasejs/10.0.0/firebase-firestore/lite.js","installations":"https://www.gstatic.com/firebasejs/10.0.0/firebase-installations.js","storage":"https://www.gstatic.com/firebasejs/10.0.0/firebase-storage.js","performance":"https://www.gstatic.com/firebasejs/10.0.0/firebase-performance.js","remote-config":"https://www.gstatic.com/firebasejs/10.0.0/firebase-remote-config.js","messaging":"https://www.gstatic.com/firebasejs/10.0.0/firebase-messaging.js","messaging/sw":"https://www.gstatic.com/firebasejs/10.0.0/firebase-messaging/sw.js","database":"https://www.gstatic.com/firebasejs/10.0.0/firebase-database.js","firestore.memory":"https://www.gstatic.com/firebasejs/10.0.0/firebase-firestore.memory.js"}}
[info] i  Skipping write of build/index.html 
[info] 
[info] i  Didn't detect a .git folder. Assuming C:\Users\vulev\OneDrive\Desktop\Vu_Dev_2023\olechat is the project root. 
[info] i  Authorizing with GitHub to upload your service account to a GitHub repository's secrets store. 
[info] 
[info] Visit this URL on this device to log in:
[info] https://github.com/login/oauth/authorize?client_id=89cf50f02ac6aaed3484&state=51602724&redirect_uri=http%3A%2F%2Flocalhost%3A9005&scope=read%3Auser%20repo%20public_repo
[info] 
[info] Waiting for authentication...
[debug] [2023-07-11T21:26:23.296Z] >>> [apiv2][query] POST https://github.com/login/oauth/access_token [none]
[debug] [2023-07-11T21:26:23.296Z] >>> [apiv2][body] POST https://github.com/login/oauth/access_token [stream]
[debug] [2023-07-11T21:26:23.789Z] <<< [apiv2][status] POST https://github.com/login/oauth/access_token 200
[debug] [2023-07-11T21:26:23.790Z] <<< [apiv2][body] POST https://github.com/login/oauth/access_token {"access_token":"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","token_type":"bearer","scope":"read:user,repo"}
[debug] [2023-07-11T21:26:23.794Z] >>> [apiv2][query] GET https://api.github.com/user [none]
[debug] [2023-07-11T21:26:24.283Z] <<< [apiv2][status] GET https://api.github.com/user 200
[debug] [2023-07-11T21:26:24.283Z] <<< [apiv2][body] GET https://api.github.com/user {"login":"vuole","id":72153709,"node_id":"MDQ6VXNlcjcyMTUzNzA5","avatar_url":"https://avatars.githubusercontent.com/u/72153709?v=4","gravatar_id":"","url":"https://api.github.com/users/vuole","html_url":"https://github.com/vuole","followers_url":"https://api.github.com/users/vuole/followers","following_url":"https://api.github.com/users/vuole/following{/other_user}","gists_url":"https://api.github.com/users/vuole/gists{/gist_id}","starred_url":"https://api.github.com/users/vuole/starred{/owner}{/repo}","subscriptions_url":"https://api.github.com/users/vuole/subscriptions","organizations_url":"https://api.github.com/users/vuole/orgs","repos_url":"https://api.github.com/users/vuole/repos","events_url":"https://api.github.com/users/vuole/events{/privacy}","received_events_url":"https://api.github.com/users/vuole/received_events","type":"User","site_admin":false,"name":null,"company":null,"blog":"","location":null,"email":null,"hireable":null,"bio":null,"twitter_username":null,"public_repos":5,"public_gists":0,"followers":0,"following":0,"created_at":"2020-09-30T16:02:23Z","updated_at":"2023-07-09T15:06:48Z","private_gists":0,"total_private_repos":5,"owned_private_repos":5,"disk_usage":139658,"collaborators":0,"two_factor_authentication":false,"plan":{"name":"free","space":976562499,"collaborators":0,"private_repos":10000}}
[info] 
[info] +  Success! Logged into GitHub as vuole 
[info] 
[debug] [2023-07-11T21:29:20.696Z] >>> [apiv2][query] GET https://api.github.com/repos/vuole/olechat/actions/secrets/public-key type=owner
[debug] [2023-07-11T21:29:21.158Z] <<< [apiv2][status] GET https://api.github.com/repos/vuole/olechat/actions/secrets/public-key 404
[debug] [2023-07-11T21:29:21.158Z] <<< [apiv2][body] GET https://api.github.com/repos/vuole/olechat/actions/secrets/public-key {"message":"Not Found","documentation_url":"https://docs.github.com/rest/reference/actions#get-a-repository-public-key"}
[info] 
[info] 
[error] !  The provided authorization cannot be used with this repository. If this repository is in an organization, did you remember to grant access? 
[info] 
[info] i  Action required: Visit this URL to ensure access has been granted to the appropriate organization(s) for the Firebase CLI GitHub OAuth App: 
[info] https://github.com/settings/connections/applications/89cf50f02ac6aaed3484
[info] 
[debug] [2023-07-11T21:30:31.576Z] >>> [apiv2][query] GET https://api.github.com/repos/vuole/olechat/actions/secrets/public-key type=owner
[debug] [2023-07-11T21:30:32.033Z] <<< [apiv2][status] GET https://api.github.com/repos/vuole/olechat/actions/secrets/public-key 404
[debug] [2023-07-11T21:30:32.033Z] <<< [apiv2][body] GET https://api.github.com/repos/vuole/olechat/actions/secrets/public-key {"message":"Not Found","documentation_url":"https://docs.github.com/rest/reference/actions#get-a-repository-public-key"}
[info] 
[info] 
[error] !  The provided authorization cannot be used with this repository. If this repository is in an organization, did you remember to grant access? 
[info] 
[info] i  Action required: Visit this URL to ensure access has been granted to the appropriate organization(s) for the Firebase CLI GitHub OAuth App: 
[info] https://github.com/settings/connections/applications/89cf50f02ac6aaed3484
[info] 
[debug] [2023-07-11T21:30:32.050Z] >>> [apiv2][query] GET https://api.github.com/repos/vuole/olechat/actions/secrets/public-key type=owner
[debug] [2023-07-11T21:30:32.502Z] <<< [apiv2][status] GET https://api.github.com/repos/vuole/olechat/actions/secrets/public-key 404
[debug] [2023-07-11T21:30:32.502Z] <<< [apiv2][body] GET https://api.github.com/repos/vuole/olechat/actions/secrets/public-key {"message":"Not Found","documentation_url":"https://docs.github.com/rest/reference/actions#get-a-repository-public-key"}
[info] 
[info] 
[error] !  The provided authorization cannot be used with this repository. If this repository is in an organization, did you remember to grant access? 
[info] 
[info] i  Action required: Visit this URL to ensure access has been granted to the appropriate organization(s) for the Firebase CLI GitHub OAuth App: 
[info] https://github.com/settings/connections/applications/89cf50f02ac6aaed3484
[info] 
